<?xml version="1.0" encoding="UTF-8"?>
<testng-results ignored="0" total="3" passed="3" failed="0" skipped="0">
  <reporter-output>
  </reporter-output>
  <suite started-at="2026-01-08T23:49:28 IST" name="Surefire suite" finished-at="2026-01-08T23:49:34 IST" duration-ms="6405">
    <groups>
    </groups>
    <test started-at="2026-01-08T23:49:28 IST" name="Surefire test" finished-at="2026-01-08T23:49:34 IST" duration-ms="6405">
      <class name="tests.SmokeTest">
        <test-method is-config="true" signature="setUp()[pri:0, instance:tests.SmokeTest@2b6faea6]" started-at="2026-01-08T23:49:28 IST" name="setUp" finished-at="2026-01-08T23:49:30 IST" duration-ms="2163" status="PASS">
          <reporter-output>
          </reporter-output>
        </test-method> <!-- setUp -->
        <test-method signature="verifyPageLoads()[pri:0, instance:tests.SmokeTest@2b6faea6]" started-at="2026-01-08T23:49:30 IST" name="verifyPageLoads" finished-at="2026-01-08T23:49:30 IST" duration-ms="136" status="PASS">
          <reporter-output>
          </reporter-output>
        </test-method> <!-- verifyPageLoads -->
        <test-method is-config="true" signature="tearDown()[pri:0, instance:tests.SmokeTest@2b6faea6]" started-at="2026-01-08T23:49:30 IST" name="tearDown" finished-at="2026-01-08T23:49:30 IST" duration-ms="160" status="PASS">
          <reporter-output>
          </reporter-output>
        </test-method> <!-- tearDown -->
      </class> <!-- tests.SmokeTest -->
      <class name="tests.TaskTest">
        <test-method is-config="true" signature="setUp()[pri:0, instance:tests.TaskTest@670002]" started-at="2026-01-08T23:49:33 IST" name="setUp" finished-at="2026-01-08T23:49:33 IST" duration-ms="731" status="PASS">
          <reporter-output>
          </reporter-output>
        </test-method> <!-- setUp -->
        <test-method signature="verifyTaskCreation()[pri:0, instance:tests.TaskTest@670002]" started-at="2026-01-08T23:49:33 IST" name="verifyTaskCreation" finished-at="2026-01-08T23:49:34 IST" duration-ms="779" status="PASS">
          <reporter-output>
          </reporter-output>
        </test-method> <!-- verifyTaskCreation -->
        <test-method is-config="true" signature="tearDown()[pri:0, instance:tests.TaskTest@670002]" started-at="2026-01-08T23:49:34 IST" name="tearDown" finished-at="2026-01-08T23:49:34 IST" duration-ms="139" status="PASS">
          <reporter-output>
          </reporter-output>
        </test-method> <!-- tearDown -->
      </class> <!-- tests.TaskTest -->
      <class name="tests.TaskDbIntegrationTest">
        <test-method is-config="true" signature="setUp()[pri:0, instance:tests.TaskDbIntegrationTest@778d1062]" started-at="2026-01-08T23:49:30 IST" name="setUp" finished-at="2026-01-08T23:49:31 IST" duration-ms="786" status="PASS">
          <reporter-output>
          </reporter-output>
        </test-method> <!-- setUp -->
        <test-method signature="verifyTaskCreationAndDeletionInDatabase()[pri:0, instance:tests.TaskDbIntegrationTest@778d1062]" started-at="2026-01-08T23:49:31 IST" name="verifyTaskCreationAndDeletionInDatabase" finished-at="2026-01-08T23:49:32 IST" duration-ms="1267" status="PASS">
          <reporter-output>
          </reporter-output>
        </test-method> <!-- verifyTaskCreationAndDeletionInDatabase -->
        <test-method is-config="true" signature="tearDown()[pri:0, instance:tests.TaskDbIntegrationTest@778d1062]" started-at="2026-01-08T23:49:32 IST" name="tearDown" finished-at="2026-01-08T23:49:33 IST" duration-ms="182" status="PASS">
          <reporter-output>
          </reporter-output>
        </test-method> <!-- tearDown -->
      </class> <!-- tests.TaskDbIntegrationTest -->
    </test> <!-- Surefire test -->
  </suite> <!-- Surefire suite -->
</testng-results>
