<?xml version="1.0" encoding="UTF-8"?>
<!-- Generated by org.testng.reporters.JUnitXMLReporter -->
<testsuite ignored="0" hostname="LAPTOP-A31KFLFH" failures="0" tests="3" name="Surefire test" time="6.405" errors="0" timestamp="2026-01-08T23:49:34 IST">
  <testcase classname="tests.SmokeTest" name="verifyPageLoads" time="0.136"/>
  <testcase classname="tests.TaskDbIntegrationTest" name="verifyTaskCreationAndDeletionInDatabase" time="1.267"/>
  <testcase classname="tests.TaskTest" name="verifyTaskCreation" time="0.779"/>
</testsuite> <!-- Surefire test -->
